<?xml version="1.0" encoding="UTF-8"?>
<!-- Generated by org.testng.reporters.JUnitReportReporter -->
<testsuite hostname="DESKTOP-KKJTQHG" failures="0" tests="1" name="test.sampleTest.IntranetLogin_test" time="11.854" errors="0" timestamp="2023-11-27T18:22:47 IST" skipped="0">
  <testcase classname="test.sampleTest.IntranetLogin_test" name="tc_01_Login" time="11.854"/>
</testsuite> <!-- test.sampleTest.IntranetLogin_test -->
